This is pdfTeX, Version 3.14159265-2.6-1.40.17 (MiKTeX 2.9.6210 64-bit) (preloaded format=pdflatex 2017.1.29)  15 AUG 2019 14:16
entering extended mode
**./atom.tex
(atom.tex
LaTeX2e <2016/03/31> patch level 3
Babel <3.9r> and hyphenation patterns for 75 language(s) loaded.
("C:\Program Files\MiKTeX 2.9\tex\latex\standalone\standalone.cls"
Document Class: standalone 2018/03/26 v1.3a Class to compile TeX sub-files stan
dalone
("C:\Program Files\MiKTeX 2.9\tex\latex\tools\shellesc.sty"
Package: shellesc 2016/06/07 v0.02a unified shell escape interface for LaTeX
Package shellesc Info: Restricted shell escape enabled on input line 69.
)
("C:\Program Files\MiKTeX 2.9\tex\generic\oberdiek\ifluatex.sty"
Package: ifluatex 2016/05/16 v1.4 Provides the ifluatex switch (HO)
Package ifluatex Info: LuaTeX not detected.
)
("C:\Program Files\MiKTeX 2.9\tex\generic\oberdiek\ifpdf.sty"
Package: ifpdf 2016/05/14 v3.1 Provides the ifpdf switch
)
("C:\Program Files\MiKTeX 2.9\tex\generic\ifxetex\ifxetex.sty"
Package: ifxetex 2010/09/12 v0.6 Provides ifxetex conditional
)
("C:\Program Files\MiKTeX 2.9\tex\latex\xkeyval\xkeyval.sty"
Package: xkeyval 2014/12/03 v2.7a package option processing (HA)

("C:\Program Files\MiKTeX 2.9\tex\generic\xkeyval\xkeyval.tex"
("C:\Program Files\MiKTeX 2.9\tex\generic\xkeyval\xkvutils.tex"
\XKV@toks=\toks14
\XKV@tempa@toks=\toks15

("C:\Program Files\MiKTeX 2.9\tex\generic\xkeyval\keyval.tex"))
\XKV@depth=\count79
File: xkeyval.tex 2014/12/03 v2.7a key=value parser (HA)
))
\sa@internal=\count80
\c@sapage=\count81

("C:\Program Files\MiKTeX 2.9\tex\latex\standalone\standalone.cfg"
File: standalone.cfg 2018/03/26 v1.3a Default configuration file for 'standalon
e' class
)
("C:\Program Files\MiKTeX 2.9\tex\latex\base\article.cls"
Document Class: article 2014/09/29 v1.4h Standard LaTeX document class
("C:\Program Files\MiKTeX 2.9\tex\latex\base\size10.clo"
File: size10.clo 2014/09/29 v1.4h Standard LaTeX file (size option)
)
\c@part=\count82
\c@section=\count83
\c@subsection=\count84
\c@subsubsection=\count85
\c@paragraph=\count86
\c@subparagraph=\count87
\c@figure=\count88
\c@table=\count89
\abovecaptionskip=\skip41
\belowcaptionskip=\skip42
\bibindent=\dimen102
)
("C:\Program Files\MiKTeX 2.9\tex\latex\preview\preview.sty"
Package: preview 2017/04/24 11.91 (AUCTeX/preview-latex)

("C:\Program Files\MiKTeX 2.9\tex\generic\luatex85\luatex85.sty"
Package: luatex85 2016/06/15 v1.4 pdftex aliases for luatex
)
("C:\Program Files\MiKTeX 2.9\tex\latex\preview\prtightpage.def"
\PreviewBorder=\dimen103
)
\pr@snippet=\count90
\pr@box=\box26
\pr@output=\toks16
))
("C:\Program Files\MiKTeX 2.9\tex\latex\filecontents\filecontents.sty"
Package: filecontents 2018/05/30 v1.4 Create an external file from within a LaT
eX document
)

LaTeX Warning: Overwriting file `./atom.tex'.

\openout15 = `atom.tex'.


runsystem(pdflatex atom)...disabled (restricted).

runsystem(convert -delay 10 -loop 0 -density 200 -alpha remove atom.pdf atom.gi
f)...disabled (restricted).

runsystem(convert -density 200 -alpha on atom.pdf atom-%02d.png)...disabled (re
stricted).

("C:\Program Files\MiKTeX 2.9\tex\latex\animate\animate.sty"
Package: animate 2019/07/22 PDF & SVG animations from files and inline graphics


("C:\Program Files\MiKTeX 2.9\tex\latex\base\ifthen.sty"
Package: ifthen 2014/09/29 v1.1c Standard LaTeX ifthen package (DPC)
)
("C:\Program Files\MiKTeX 2.9\tex\latex\oberdiek\ifdraft.sty"
Package: ifdraft 2016/05/16 v1.4 Detect class options draft and final (HO)
)
("C:\Program Files\MiKTeX 2.9\tex\latex\tools\calc.sty"
Package: calc 2014/10/28 v4.3 Infix arithmetic (KKT,FJ)
\calc@Acount=\count91
\calc@Bcount=\count92
\calc@Adimen=\dimen104
\calc@Bdimen=\dimen105
\calc@Askip=\skip43
\calc@Bskip=\skip44
LaTeX Info: Redefining \setlength on input line 80.
LaTeX Info: Redefining \addtolength on input line 81.
\calc@Ccount=\count93
\calc@Cskip=\skip45
)
("C:\Program Files\MiKTeX 2.9\tex\latex\graphics\graphics.sty"
Package: graphics 2016/07/10 v1.0t Standard LaTeX Graphics (DPC,SPQR)

("C:\Program Files\MiKTeX 2.9\tex\latex\graphics\trig.sty"
Package: trig 2016/01/03 v1.10 sin cos tan (DPC)
)
("C:\Program Files\MiKTeX 2.9\tex\latex\graphics-cfg\graphics.cfg"
File: graphics.cfg 2016/06/04 v1.11 sample graphics configuration
)
Package graphics Info: Driver file: pdftex.def on input line 99.

("C:\Program Files\MiKTeX 2.9\tex\latex\graphics-def\pdftex.def"
File: pdftex.def 2016/07/10 v0.06j Graphics/color for pdfTeX

("C:\Program Files\MiKTeX 2.9\tex\generic\oberdiek\infwarerr.sty"
Package: infwarerr 2016/05/16 v1.4 Providing info/warning/error messages (HO)
)
("C:\Program Files\MiKTeX 2.9\tex\generic\oberdiek\ltxcmds.sty"
Package: ltxcmds 2016/05/16 v1.23 LaTeX kernel commands for general use (HO)
)
\Gread@gobject=\count94
))
("C:\Program Files\MiKTeX 2.9\tex\latex\oberdiek\zref-abspage.sty"
Package: zref-abspage 2016/05/21 v2.26 Module abspage for zref (HO)

("C:\Program Files\MiKTeX 2.9\tex\latex\oberdiek\zref-base.sty"
Package: zref-base 2016/05/21 v2.26 Module base for zref (HO)

("C:\Program Files\MiKTeX 2.9\tex\generic\oberdiek\kvsetkeys.sty"
Package: kvsetkeys 2016/05/16 v1.17 Key value parser (HO)

("C:\Program Files\MiKTeX 2.9\tex\generic\oberdiek\etexcmds.sty"
Package: etexcmds 2016/05/16 v1.6 Avoid name clashes with e-TeX commands (HO)
Package etexcmds Info: Could not find \expanded.
(etexcmds)             That can mean that you are not using pdfTeX 1.50 or
(etexcmds)             that some package has redefined \expanded.
(etexcmds)             In the latter case, load this package earlier.
))
("C:\Program Files\MiKTeX 2.9\tex\generic\oberdiek\kvdefinekeys.sty"
Package: kvdefinekeys 2016/05/16 v1.4 Define keys (HO)
)
("C:\Program Files\MiKTeX 2.9\tex\generic\oberdiek\pdftexcmds.sty"
Package: pdftexcmds 2016/05/21 v0.22 Utility functions of pdfTeX for LuaTeX (HO
)
Package pdftexcmds Info: LuaTeX not detected.
Package pdftexcmds Info: \pdf@primitive is available.
Package pdftexcmds Info: \pdf@ifprimitive is available.
Package pdftexcmds Info: \pdfdraftmode found.
)
("C:\Program Files\MiKTeX 2.9\tex\latex\oberdiek\auxhook.sty"
Package: auxhook 2016/05/16 v1.4 Hooks for auxiliary files (HO)
)
Package zref Info: New property list: main on input line 759.
Package zref Info: New property: default on input line 760.
Package zref Info: New property: page on input line 761.
)
("C:\Program Files\MiKTeX 2.9\tex\generic\oberdiek\atbegshi.sty"
Package: atbegshi 2016/06/09 v1.18 At begin shipout hook (HO)
)
\c@abspage=\count95
Package zref Info: New property: abspage on input line 62.
)
("C:\Program Files\MiKTeX 2.9\tex\latex\media9\pdfbase.sty"
("C:\Program Files\MiKTeX 2.9\tex\latex\l3kernel\expl3.sty"
Package: expl3 2017/07/19 L3 programming layer (loader) 

("C:\Program Files\MiKTeX 2.9\tex\latex\l3kernel\expl3-code.tex"
Package: expl3 2017/07/19 L3 programming layer (code)
\c_max_int=\count96
\l_tmpa_int=\count97
\l_tmpb_int=\count98
\g_tmpa_int=\count99
\g_tmpb_int=\count100
\g__intarray_font_int=\count101
\g__prg_map_int=\count102
\c_log_iow=\count103
\l_iow_line_count_int=\count104
\l__iow_line_target_int=\count105
\l__iow_one_indent_int=\count106
\l__iow_indent_int=\count107
\c_zero_dim=\dimen106
\c_max_dim=\dimen107
\l_tmpa_dim=\dimen108
\l_tmpb_dim=\dimen109
\g_tmpa_dim=\dimen110
\g_tmpb_dim=\dimen111
\c_zero_skip=\skip46
\c_max_skip=\skip47
\l_tmpa_skip=\skip48
\l_tmpb_skip=\skip49
\g_tmpa_skip=\skip50
\g_tmpb_skip=\skip51
\c_zero_muskip=\muskip10
\c_max_muskip=\muskip11
\l_tmpa_muskip=\muskip12
\l_tmpb_muskip=\muskip13
\g_tmpa_muskip=\muskip14
\g_tmpb_muskip=\muskip15
\l_keys_choice_int=\count108
\c__fp_leading_shift_int=\count109
\c__fp_middle_shift_int=\count110
\c__fp_trailing_shift_int=\count111
\c__fp_big_leading_shift_int=\count112
\c__fp_big_middle_shift_int=\count113
\c__fp_big_trailing_shift_int=\count114
\c__fp_Bigg_leading_shift_int=\count115
\c__fp_Bigg_middle_shift_int=\count116
\c__fp_Bigg_trailing_shift_int=\count117
\c__fp_rand_size_int=\count118
\c__fp_rand_four_int=\count119
\c__fp_rand_eight_int=\count120
\l__sort_length_int=\count121
\l__sort_min_int=\count122
\l__sort_top_int=\count123
\l__sort_max_int=\count124
\l__sort_true_max_int=\count125
\l__sort_block_int=\count126
\l__sort_begin_int=\count127
\l__sort_end_int=\count128
\l__sort_A_int=\count129
\l__sort_B_int=\count130
\l__sort_C_int=\count131
\l__tl_build_start_index_int=\count132
\l__tl_build_index_int=\count133
\l__tl_analysis_normal_int=\count134
\l__tl_analysis_index_int=\count135
\l__tl_analysis_nesting_int=\count136
\l__tl_analysis_type_int=\count137
\l__regex_internal_a_int=\count138
\l__regex_internal_b_int=\count139
\l__regex_internal_c_int=\count140
\l__regex_balance_int=\count141
\l__regex_group_level_int=\count142
\l__regex_mode_int=\count143
\c__regex_cs_in_class_mode_int=\count144
\c__regex_cs_mode_int=\count145
\l__regex_catcodes_int=\count146
\l__regex_default_catcodes_int=\count147
\c__regex_catcode_D_int=\count148
\c__regex_catcode_S_int=\count149
\c__regex_catcode_L_int=\count150
\c__regex_catcode_O_int=\count151
\c__regex_catcode_A_int=\count152
\c__regex_all_catcodes_int=\count153
\l__regex_show_lines_int=\count154
\l__regex_min_state_int=\count155
\l__regex_max_state_int=\count156
\l__regex_left_state_int=\count157
\l__regex_right_state_int=\count158
\l__regex_capturing_group_int=\count159
\l__regex_min_pos_int=\count160
\l__regex_max_pos_int=\count161
\l__regex_curr_pos_int=\count162
\l__regex_start_pos_int=\count163
\l__regex_success_pos_int=\count164
\l__regex_curr_char_int=\count165
\l__regex_curr_catcode_int=\count166
\l__regex_last_char_int=\count167
\l__regex_case_changed_char_int=\count168
\l__regex_curr_state_int=\count169
\l__regex_step_int=\count170
\l__regex_min_active_int=\count171
\l__regex_max_active_int=\count172
\l__regex_replacement_csnames_int=\count173
\l__regex_match_count_int=\count174
\l__regex_min_submatch_int=\count175
\l__regex_submatch_int=\count176
\l__regex_zeroth_submatch_int=\count177
\g__debug_trace_regex_int=\count178
\c_empty_box=\box27
\l_tmpa_box=\box28
\l_tmpb_box=\box29
\g_tmpa_box=\box30
\g_tmpb_box=\box31
\l__box_top_dim=\dimen112
\l__box_bottom_dim=\dimen113
\l__box_left_dim=\dimen114
\l__box_right_dim=\dimen115
\l__box_top_new_dim=\dimen116
\l__box_bottom_new_dim=\dimen117
\l__box_left_new_dim=\dimen118
\l__box_right_new_dim=\dimen119
\l__box_internal_box=\box32
\l__coffin_internal_box=\box33
\l__coffin_internal_dim=\dimen120
\l__coffin_offset_x_dim=\dimen121
\l__coffin_offset_y_dim=\dimen122
\l__coffin_x_dim=\dimen123
\l__coffin_y_dim=\dimen124
\l__coffin_x_prime_dim=\dimen125
\l__coffin_y_prime_dim=\dimen126
\c_empty_coffin=\box34
\l__coffin_aligned_coffin=\box35
\l__coffin_aligned_internal_coffin=\box36
\l_tmpa_coffin=\box37
\l_tmpb_coffin=\box38
\l__coffin_display_coffin=\box39
\l__coffin_display_coord_coffin=\box40
\l__coffin_display_pole_coffin=\box41
\l__coffin_display_offset_dim=\dimen127
\l__coffin_display_x_dim=\dimen128
\l__coffin_display_y_dim=\dimen129
\l__coffin_bounding_shift_dim=\dimen130
\l__coffin_left_corner_dim=\dimen131
\l__coffin_right_corner_dim=\dimen132
\l__coffin_bottom_corner_dim=\dimen133
\l__coffin_top_corner_dim=\dimen134
\l__coffin_scaled_total_height_dim=\dimen135
\l__coffin_scaled_width_dim=\dimen136
)
("C:\Program Files\MiKTeX 2.9\tex\latex\l3kernel\l3pdfmode.def"
File: l3pdfmode.def 2017/03/18 v L3 Experimental driver: PDF mode
\l__driver_color_stack_int=\count179
\l__driver_tmp_box=\box42
))
("C:\Program Files\MiKTeX 2.9\tex\latex\l3packages\l3keys2e\l3keys2e.sty"
Package: l3keys2e 2017/07/19 LaTeX2e option processing using LaTeX3 keys
)
Package: pdfbase 2019/07/11 v0.33 driver independent access to low-level PDF fe
atures


!!!!!!!!!!!!!!!!!!!!!!!!!!!!!!!!!!!!!!!!!!!!!!!!
!
! pdfbase error: "support outdated"
! 
! Support package `expl3.sty' too old.
! 
! See the pdfbase documentation for further information.
! 
! For immediate help type H <return>.
!...............................................  
                                                  
l.187 }
       
|'''''''''''''''''''''''''''''''''''''''''''''''
| Get an up to date version of `expl3.sty'.
| Aborting.
|...............................................

) ("C:\Program Files\MiKTeX 2.9\tex\latex\ocgx2\ocgbase.sty"
Package: ocgbase 2019/07/04 v0.16 support package for ocgx2.sty

! Undefined control sequence.
l.126 \pbs_at_end_dvi:n
                       {
The control sequence at the end of the top line
of your error message was never \def'ed. If you have
misspelled it (e.g., `\hobx'), type `I' and the correct
spelling (e.g., `I\hbox'). Otherwise just continue,
and I'll forget about whatever was undefined.

\g_ocgbase_nd_int=\count180
)
\@anim@box=\box43
\@anim@measbox=\box44
\@anim@tmpdima=\dimen137
\@anim@tmpdimb=\dimen138
\@anim@num=\count181
\@anim@curframe=\count182
\@anim@curframe@zb=\count183
\@anim@resizeflags=\count184
\@anim@skipfram=\count185
\@anim@mulframecnt=\count186
\@anim@@tmlnfile=\read1
\@anim@tmpcnt=\count187
\c@@anim@ltxcnt=\count188
\@anim@curlayer=\count189
\@anim@lineno=\count190
\@anim@curfield=\count191
\@anim@@resizeflags=\count192
) (atom.aux)
\openout1 = `atom.aux'.

LaTeX Font Info:    Checking defaults for OML/cmm/m/it on input line 71.
LaTeX Font Info:    ... okay on input line 71.
LaTeX Font Info:    Checking defaults for T1/cmr/m/n on input line 71.
LaTeX Font Info:    ... okay on input line 71.
LaTeX Font Info:    Checking defaults for OT1/cmr/m/n on input line 71.
LaTeX Font Info:    ... okay on input line 71.
LaTeX Font Info:    Checking defaults for OMS/cmsy/m/n on input line 71.
LaTeX Font Info:    ... okay on input line 71.
LaTeX Font Info:    Checking defaults for OMX/cmex/m/n on input line 71.
LaTeX Font Info:    ... okay on input line 71.
LaTeX Font Info:    Checking defaults for U/cmr/m/n on input line 71.
LaTeX Font Info:    ... okay on input line 71.

Preview: Fontsize 10pt
Preview: PDFoutput 1
("C:\Program Files\MiKTeX 2.9\tex\context\base\supp-pdf.mkii"
[Loading MPS to PDF converter (version 2006.09.02).]
\scratchcounter=\count193
\scratchdimen=\dimen139
\scratchbox=\box45
\nofMPsegments=\count194
\nofMParguments=\count195
\everyMPshowfont=\toks17
\MPscratchCnt=\count196
\MPscratchDim=\dimen140
\MPnumerator=\count197
\makeMPintoPDFobject=\count198
\everyMPtoPDFconversion=\toks18
) ("C:\Program Files\MiKTeX 2.9\tex\latex\oberdiek\epstopdf-base.sty"
Package: epstopdf-base 2016/05/15 v2.6 Base part for package epstopdf

("C:\Program Files\MiKTeX 2.9\tex\latex\oberdiek\grfext.sty"
Package: grfext 2016/05/16 v1.2 Manage graphics extensions (HO)
)
("C:\Program Files\MiKTeX 2.9\tex\latex\oberdiek\kvoptions.sty"
Package: kvoptions 2016/05/16 v3.12 Key value format for package options (HO)
)
Package epstopdf-base Info: Redefining graphics rule for `.eps' on input line 4
38.
Package grfext Info: Graphics extension search list:
(grfext)             [.png,.pdf,.jpg,.mps,.jpeg,.jbig2,.jb2,.PNG,.PDF,.JPG,.JPE
G,.JBIG2,.JB2,.eps]
(grfext)             \AppendGraphicsExtensions on input line 456.
)
\AtBeginShipoutBox=\box46


! Package animate Error: Package `graphicx' required. Put the line
(animate)                `\usepackage{graphicx}'
(animate)                to the preamble of your document.

See the animate package documentation for explanation.
Type  H <return>  for immediate help.
 ...                                              
                                                  
l.74 ...ntrols,autoplay,loop,scale=1]{8}{atom}{}{}
                                                  
This error message was generated by an \errmessage
command, so I can't give any explicit help.
Pretend that you're Hercule Poirot: Examine all clues,
and deduce the truth by order and method.


LaTeX Warning: Reference `anim@abspage0' on page 1 undefined on input line 74.


! Package animate Error: Missing frame number in \animategraphics command.

See the animate package documentation for explanation.
Type  H <return>  for immediate help.
 ...                                              
                                                  
l.74 ...ntrols,autoplay,loop,scale=1]{8}{atom}{}{}
                                                  
(That was another \errmessage.)

! Missing number, treated as zero.
<to be read again> 
                   <
l.74 ...ntrols,autoplay,loop,scale=1]{8}{atom}{}{}
                                                  
A number should have been here; I inserted `0'.
(If you can't figure out why I needed to see a number,
look up `weird error' in the index to The TeXbook.)

! Missing number, treated as zero.
<to be read again> 
                   <
l.74 ...ntrols,autoplay,loop,scale=1]{8}{atom}{}{}
                                                  
A number should have been here; I inserted `0'.
(If you can't figure out why I needed to see a number,
look up `weird error' in the index to The TeXbook.)

! Missing number, treated as zero.
<to be read again> 
                   >
l.74 ...ntrols,autoplay,loop,scale=1]{8}{atom}{}{}
                                                  
A number should have been here; I inserted `0'.
(If you can't figure out why I needed to see a number,
look up `weird error' in the index to The TeXbook.)

! Missing number, treated as zero.
<to be read again> 
                   \relax 
l.74 ...ntrols,autoplay,loop,scale=1]{8}{atom}{}{}
                                                  
A number should have been here; I inserted `0'.
(If you can't figure out why I needed to see a number,
look up `weird error' in the index to The TeXbook.)

! Missing number, treated as zero.
<to be read again> 
                   \global 
l.74 ...ntrols,autoplay,loop,scale=1]{8}{atom}{}{}
                                                  
A number should have been here; I inserted `0'.
(If you can't figure out why I needed to see a number,
look up `weird error' in the index to The TeXbook.)

! Missing number, treated as zero.
<to be read again> 
                   \relax 
l.74 ...ntrols,autoplay,loop,scale=1]{8}{atom}{}{}
                                                  
A number should have been here; I inserted `0'.
(If you can't figure out why I needed to see a number,
look up `weird error' in the index to The TeXbook.)


! Package animate Error: None of the files
(animate)                `atom0.pdf',
(animate)                `atom0.mps',
(animate)                `atom0.png',
(animate)                `atom0.jpg',
(animate)                `atom0.jpeg',
(animate)                `atom0.jp2',
(animate)                `atom0.j2k' or
(animate)                `atom0.jpx',
(animate)                could be found.
(animate)                Wrong file type? Mis-spelled file name?.

See the animate package documentation for explanation.
Type  H <return>  for immediate help.
 ...                                              
                                                  
l.74 ...ntrols,autoplay,loop,scale=1]{8}{atom}{}{}
                                                  
(That was another \errmessage.)

! Missing number, treated as zero.
<to be read again> 
                   c
l.74 ...ntrols,autoplay,loop,scale=1]{8}{atom}{}{}
                                                  
A number should have been here; I inserted `0'.
(If you can't figure out why I needed to see a number,
look up `weird error' in the index to The TeXbook.)

! Illegal unit of measure (pt inserted).
<to be read again> 
                   c
l.74 ...ntrols,autoplay,loop,scale=1]{8}{atom}{}{}
                                                  
Dimensions can be in units of em, ex, in, pt, pc,
cm, mm, dd, cc, nd, nc, bp, or sp; but yours is a new one!
I'll assume that you meant to say pt, for printer's points.
To recover gracefully from this error, it's best to
delete the erroneous units; e.g., type `2' to delete
two letters. (See Chapter 27 of The TeXbook.)

! Missing number, treated as zero.
<to be read again> 
                   p
l.74 ...ntrols,autoplay,loop,scale=1]{8}{atom}{}{}
                                                  
A number should have been here; I inserted `0'.
(If you can't figure out why I needed to see a number,
look up `weird error' in the index to The TeXbook.)

! Illegal unit of measure (pt inserted).
<to be read again> 
                   p
l.74 ...ntrols,autoplay,loop,scale=1]{8}{atom}{}{}
                                                  
Dimensions can be in units of em, ex, in, pt, pc,
cm, mm, dd, cc, nd, nc, bp, or sp; but yours is a new one!
I'll assume that you meant to say pt, for printer's points.
To recover gracefully from this error, it's best to
delete the erroneous units; e.g., type `2' to delete
two letters. (See Chapter 27 of The TeXbook.)


! LaTeX Error: Unknown graphics extension: .sty.

See the LaTeX manual or LaTeX Companion for explanation.
Type  H <return>  for immediate help.
 ...                                              
                                                  
l.74 ...ntrols,autoplay,loop,scale=1]{8}{atom}{}{}
                                                  
Try typing  <return>  to proceed.
If that doesn't work, type  X <return>  to quit.

! Undefined control sequence.
\@anim@xform #1#2#3#4#5->\pbs_pdfxform:nnnnn 
                                             {#1}{#2}{#3}{#4}{#5}\xdef \@ani...
l.74 ...ntrols,autoplay,loop,scale=1]{8}{atom}{}{}
                                                  
The control sequence at the end of the top line
of your error message was never \def'ed. If you have
misspelled it (e.g., `\hobx'), type `I' and the correct
spelling (e.g., `I\hbox'). Otherwise just continue,
and I'll forget about whatever was undefined.

! Undefined control sequence.
\@anim@xform ...nim@lastxform {\pbs_pdflastxform: 
                                                  }
l.74 ...ntrols,autoplay,loop,scale=1]{8}{atom}{}{}
                                                  
The control sequence at the end of the top line
of your error message was never \def'ed. If you have
misspelled it (e.g., `\hobx'), type `I' and the correct
spelling (e.g., `I\hbox'). Otherwise just continue,
and I'll forget about whatever was undefined.

! Undefined control sequence.
\@anim@xform #1#2#3#4#5->\pbs_pdfxform:nnnnn 
                                             {#1}{#2}{#3}{#4}{#5}\xdef \@ani...
l.74 ...ntrols,autoplay,loop,scale=1]{8}{atom}{}{}
                                                  
The control sequence at the end of the top line
of your error message was never \def'ed. If you have
misspelled it (e.g., `\hobx'), type `I' and the correct
spelling (e.g., `I\hbox'). Otherwise just continue,
and I'll forget about whatever was undefined.

! Undefined control sequence.
\@anim@xform ...nim@lastxform {\pbs_pdflastxform: 
                                                  }
l.74 ...ntrols,autoplay,loop,scale=1]{8}{atom}{}{}
                                                  
The control sequence at the end of the top line
of your error message was never \def'ed. If you have
misspelled it (e.g., `\hobx'), type `I' and the correct
spelling (e.g., `I\hbox'). Otherwise just continue,
and I'll forget about whatever was undefined.

! Undefined control sequence.
\@anim@widget #1#2#3#4->\pbs_pdfannot:nnnn 
                                           {#1}{#2}{#3}{#4}\pbs_appendtofiel...
l.74 ...ntrols,autoplay,loop,scale=1]{8}{atom}{}{}
                                                  
The control sequence at the end of the top line
of your error message was never \def'ed. If you have
misspelled it (e.g., `\hobx'), type `I' and the correct
spelling (e.g., `I\hbox'). Otherwise just continue,
and I'll forget about whatever was undefined.

! Undefined control sequence.
\@anim@widget ...#2}{#3}{#4}\pbs_appendtofields:n 
                                                  {\pbs_pdflastann: }
l.74 ...ntrols,autoplay,loop,scale=1]{8}{atom}{}{}
                                                  
The control sequence at the end of the top line
of your error message was never \def'ed. If you have
misspelled it (e.g., `\hobx'), type `I' and the correct
spelling (e.g., `I\hbox'). Otherwise just continue,
and I'll forget about whatever was undefined.

! Undefined control sequence.
\@anim@widget ...pendtofields:n {\pbs_pdflastann: 
                                                  }
l.74 ...ntrols,autoplay,loop,scale=1]{8}{atom}{}{}
                                                  
The control sequence at the end of the top line
of your error message was never \def'ed. If you have
misspelled it (e.g., `\hobx'), type `I' and the correct
spelling (e.g., `I\hbox'). Otherwise just continue,
and I'll forget about whatever was undefined.

<a0,fr0>
! Missing number, treated as zero.
<to be read again> 
                   \relax 
l.74 ...ntrols,autoplay,loop,scale=1]{8}{atom}{}{}
                                                  
A number should have been here; I inserted `0'.
(If you can't figure out why I needed to see a number,
look up `weird error' in the index to The TeXbook.)

! Undefined control sequence.
\@anim@streamobj #1#2->\pbs_pdfobj:nnn 
                                       {}{stream}{{#1}{#2}}\xdef \@anim@last...
l.74 ...ntrols,autoplay,loop,scale=1]{8}{atom}{}{}
                                                  
The control sequence at the end of the top line
of your error message was never \def'ed. If you have
misspelled it (e.g., `\hobx'), type `I' and the correct
spelling (e.g., `I\hbox'). Otherwise just continue,
and I'll forget about whatever was undefined.

! Missing $ inserted.
<inserted text> 
                $
l.74 ...ntrols,autoplay,loop,scale=1]{8}{atom}{}{}
                                                  
I've inserted a begin-math/end-math symbol since I think
you left one out. Proceed, with fingers crossed.

LaTeX Font Info:    External font `cmex10' loaded for size
(Font)              <7> on input line 74.
LaTeX Font Info:    External font `cmex10' loaded for size
(Font)              <5> on input line 74.
! Extra }, or forgotten $.
\@anim@streamobj ...pdfobj:nnn {}{stream}{{#1}{#2}
                                                  }\xdef \@anim@lastobj {\pb...
l.74 ...ntrols,autoplay,loop,scale=1]{8}{atom}{}{}
                                                  
I've deleted a group-closing symbol because it seems to be
spurious, as in `$x}$'. But perhaps the } is legitimate and
you forgot something else, as in `\hbox{$x}'. In such cases
the way to recover is to insert both the forgotten and the
deleted material, e.g., by typing `I$}'.

! Extra }, or forgotten $.
\@anim@streamobj ...dfobj:nnn {}{stream}{{#1}{#2}}
                                                  \xdef \@anim@lastobj {\pbs...
l.74 ...ntrols,autoplay,loop,scale=1]{8}{atom}{}{}
                                                  
I've deleted a group-closing symbol because it seems to be
spurious, as in `$x}$'. But perhaps the } is legitimate and
you forgot something else, as in `\hbox{$x}'. In such cases
the way to recover is to insert both the forgotten and the
deleted material, e.g., by typing `I$}'.

! Undefined control sequence.
\@anim@streamobj ...nim@lastobj {\pbs_pdflastobj: 
                                                  }
l.74 ...ntrols,autoplay,loop,scale=1]{8}{atom}{}{}
                                                  
The control sequence at the end of the top line
of your error message was never \def'ed. If you have
misspelled it (e.g., `\hobx'), type `I' and the correct
spelling (e.g., `I\hbox'). Otherwise just continue,
and I'll forget about whatever was undefined.

! Undefined control sequence.
\@anim@streamobj #1#2->\pbs_pdfobj:nnn 
                                       {}{stream}{{#1}{#2}}\xdef \@anim@last...
l.74 ...ntrols,autoplay,loop,scale=1]{8}{atom}{}{}
                                                  
The control sequence at the end of the top line
of your error message was never \def'ed. If you have
misspelled it (e.g., `\hobx'), type `I' and the correct
spelling (e.g., `I\hbox'). Otherwise just continue,
and I'll forget about whatever was undefined.

! Undefined control sequence.
\@anim@streamobj ...nim@lastobj {\pbs_pdflastobj: 
                                                  }
l.74 ...ntrols,autoplay,loop,scale=1]{8}{atom}{}{}
                                                  
The control sequence at the end of the top line
of your error message was never \def'ed. If you have
misspelled it (e.g., `\hobx'), type `I' and the correct
spelling (e.g., `I\hbox'). Otherwise just continue,
and I'll forget about whatever was undefined.

! Undefined control sequence.
\@anim@annot #1#2#3#4->\pbs_pdfannot:nnnn 
                                          {#1}{#2}{#3}{#4}
l.74 ...ntrols,autoplay,loop,scale=1]{8}{atom}{}{}
                                                  
The control sequence at the end of the top line
of your error message was never \def'ed. If you have
misspelled it (e.g., `\hobx'), type `I' and the correct
spelling (e.g., `I\hbox'). Otherwise just continue,
and I'll forget about whatever was undefined.

! Missing number, treated as zero.
<to be read again> 
                   }
l.74 ...ntrols,autoplay,loop,scale=1]{8}{atom}{}{}
                                                  
A number should have been here; I inserted `0'.
(If you can't figure out why I needed to see a number,
look up `weird error' in the index to The TeXbook.)

! Illegal unit of measure (pt inserted).
<to be read again> 
                   }
l.74 ...ntrols,autoplay,loop,scale=1]{8}{atom}{}{}
                                                  
Dimensions can be in units of em, ex, in, pt, pc,
cm, mm, dd, cc, nd, nc, bp, or sp; but yours is a new one!
I'll assume that you meant to say pt, for printer's points.
To recover gracefully from this error, it's best to
delete the erroneous units; e.g., type `2' to delete
two letters. (See Chapter 27 of The TeXbook.)

! Undefined control sequence.
\@anim@widget #1#2#3#4->\pbs_pdfannot:nnnn 
                                           {#1}{#2}{#3}{#4}\pbs_appendtofiel...
l.74 ...ntrols,autoplay,loop,scale=1]{8}{atom}{}{}
                                                  
The control sequence at the end of the top line
of your error message was never \def'ed. If you have
misspelled it (e.g., `\hobx'), type `I' and the correct
spelling (e.g., `I\hbox'). Otherwise just continue,
and I'll forget about whatever was undefined.

! Misplaced alignment tab character &.
\@anim@wdgtUpJS ...e if(a#1_idx==\@anim@maxframe &
                                                  &a#1_playsRight)a#1_stopFi...
l.74 ...ntrols,autoplay,loop,scale=1]{8}{atom}{}{}
                                                  
I can't figure out why you would want to use a tab mark
here. If you just want an ampersand, the remedy is
simple: Just type `I\&' now. But if some right brace
up above has ended a previous alignment prematurely,
you're probably due for more error messages, and you
might try typing `S' now just to see what is salvageable.

! Misplaced alignment tab character &.
\@anim@wdgtUpJS ... if(a#1_idx==\@anim@maxframe &&
                                                  a#1_playsRight)a#1_stopFir...
l.74 ...ntrols,autoplay,loop,scale=1]{8}{atom}{}{}
                                                  
I can't figure out why you would want to use a tab mark
here. If you just want an ampersand, the remedy is
simple: Just type `I\&' now. But if some right brace
up above has ended a previous alignment prematurely,
you're probably due for more error messages, and you
might try typing `S' now just to see what is salvageable.

! Misplaced alignment tab character &.
\@anim@wdgtUpJS ...)a#1_stopFirst();if(a#1_idx==0&
                                                  &!a#1_playsRight)a#1_stopL...
l.74 ...ntrols,autoplay,loop,scale=1]{8}{atom}{}{}
                                                  
I can't figure out why you would want to use a tab mark
here. If you just want an ampersand, the remedy is
simple: Just type `I\&' now. But if some right brace
up above has ended a previous alignment prematurely,
you're probably due for more error messages, and you
might try typing `S' now just to see what is salvageable.

! Misplaced alignment tab character &.
\@anim@wdgtUpJS ...a#1_stopFirst();if(a#1_idx==0&&
                                                  !a#1_playsRight)a#1_stopLa...
l.74 ...ntrols,autoplay,loop,scale=1]{8}{atom}{}{}
                                                  
I can't figure out why you would want to use a tab mark
here. If you just want an ampersand, the remedy is
simple: Just type `I\&' now. But if some right brace
up above has ended a previous alignment prematurely,
you're probably due for more error messages, and you
might try typing `S' now just to see what is salvageable.

! Undefined control sequence.
\@anim@widget ...#2}{#3}{#4}\pbs_appendtofields:n 
                                                  {\pbs_pdflastann: }
l.74 ...ntrols,autoplay,loop,scale=1]{8}{atom}{}{}
                                                  
The control sequence at the end of the top line
of your error message was never \def'ed. If you have
misspelled it (e.g., `\hobx'), type `I' and the correct
spelling (e.g., `I\hbox'). Otherwise just continue,
and I'll forget about whatever was undefined.

! Undefined control sequence.
\@anim@widget ...pendtofields:n {\pbs_pdflastann: 
                                                  }
l.74 ...ntrols,autoplay,loop,scale=1]{8}{atom}{}{}
                                                  
The control sequence at the end of the top line
of your error message was never \def'ed. If you have
misspelled it (e.g., `\hobx'), type `I' and the correct
spelling (e.g., `I\hbox'). Otherwise just continue,
and I'll forget about whatever was undefined.

! Extra }, or forgotten $.
\@anim@insertwidgets ...x {\@anim@animwidget {#1}}
                                                  \if@anim@controls \setleng...
l.74 ...ntrols,autoplay,loop,scale=1]{8}{atom}{}{}
                                                  
I've deleted a group-closing symbol because it seems to be
spurious, as in `$x}$'. But perhaps the } is legitimate and
you forgot something else, as in `\hbox{$x}'. In such cases
the way to recover is to insert both the forgotten and the
deleted material, e.g., by typing `I$}'.

! Missing $ inserted.
<inserted text> 
                $
l.74 ...ntrols,autoplay,loop,scale=1]{8}{atom}{}{}
                                                  
I've inserted a begin-math/end-math symbol since I think
you left one out. Proceed, with fingers crossed.

! Missing } inserted.
<inserted text> 
                }
l.74 ...ntrols,autoplay,loop,scale=1]{8}{atom}{}{}
                                                  
I've inserted something that you may have forgotten.
(See the <inserted text> above.)
With luck, this will get me unwedged. But if you
really didn't forget anything, try typing `2' now; then
my insertion and my current dilemma will both disappear.

! Missing } inserted.
<inserted text> 
                }
l.74 ...ntrols,autoplay,loop,scale=1]{8}{atom}{}{}
                                                  
I've inserted something that you may have forgotten.
(See the <inserted text> above.)
With luck, this will get me unwedged. But if you
really didn't forget anything, try typing `2' now; then
my insertion and my current dilemma will both disappear.

! Missing } inserted.
<inserted text> 
                }
l.74 ...ntrols,autoplay,loop,scale=1]{8}{atom}{}{}
                                                  
I've inserted something that you may have forgotten.
(See the <inserted text> above.)
With luck, this will get me unwedged. But if you
really didn't forget anything, try typing `2' now; then
my insertion and my current dilemma will both disappear.

! Undefined control sequence.
\@anim@streamobj #1#2->\pbs_pdfobj:nnn 
                                       {}{stream}{{#1}{#2}}\xdef \@anim@last...
l.74 ...ntrols,autoplay,loop,scale=1]{8}{atom}{}{}
                                                  
The control sequence at the end of the top line
of your error message was never \def'ed. If you have
misspelled it (e.g., `\hobx'), type `I' and the correct
spelling (e.g., `I\hbox'). Otherwise just continue,
and I'll forget about whatever was undefined.

! Undefined control sequence.
\@anim@streamobj ...nim@lastobj {\pbs_pdflastobj: 
                                                  }
l.74 ...ntrols,autoplay,loop,scale=1]{8}{atom}{}{}
                                                  
The control sequence at the end of the top line
of your error message was never \def'ed. If you have
misspelled it (e.g., `\hobx'), type `I' and the correct
spelling (e.g., `I\hbox'). Otherwise just continue,
and I'll forget about whatever was undefined.

! Undefined control sequence.
\@anim@widget #1#2#3#4->\pbs_pdfannot:nnnn 
                                           {#1}{#2}{#3}{#4}\pbs_appendtofiel...
l.74 ...ntrols,autoplay,loop,scale=1]{8}{atom}{}{}
                                                  
The control sequence at the end of the top line
of your error message was never \def'ed. If you have
misspelled it (e.g., `\hobx'), type `I' and the correct
spelling (e.g., `I\hbox'). Otherwise just continue,
and I'll forget about whatever was undefined.

! Missing number, treated as zero.
<to be read again> 
                   }
l.74 ...ntrols,autoplay,loop,scale=1]{8}{atom}{}{}
                                                  
A number should have been here; I inserted `0'.
(If you can't figure out why I needed to see a number,
look up `weird error' in the index to The TeXbook.)

! Illegal unit of measure (pt inserted).
<to be read again> 
                   }
l.74 ...ntrols,autoplay,loop,scale=1]{8}{atom}{}{}
                                                  
Dimensions can be in units of em, ex, in, pt, pc,
cm, mm, dd, cc, nd, nc, bp, or sp; but yours is a new one!
I'll assume that you meant to say pt, for printer's points.
To recover gracefully from this error, it's best to
delete the erroneous units; e.g., type `2' to delete
two letters. (See Chapter 27 of The TeXbook.)

! Missing $ inserted.
<inserted text> 
                $
l.74 ...ntrols,autoplay,loop,scale=1]{8}{atom}{}{}
                                                  
I've inserted a begin-math/end-math symbol since I think
you left one out. Proceed, with fingers crossed.

! Extra }, or forgotten $.
\@anim@widget ...bs_pdfannot:nnnn {#1}{#2}{#3}{#4}
                                                  \pbs_appendtofields:n {\pb...
l.74 ...ntrols,autoplay,loop,scale=1]{8}{atom}{}{}
                                                  
I've deleted a group-closing symbol because it seems to be
spurious, as in `$x}$'. But perhaps the } is legitimate and
you forgot something else, as in `\hbox{$x}'. In such cases
the way to recover is to insert both the forgotten and the
deleted material, e.g., by typing `I$}'.

! Undefined control sequence.
\@anim@widget ...#2}{#3}{#4}\pbs_appendtofields:n 
                                                  {\pbs_pdflastann: }
l.74 ...ntrols,autoplay,loop,scale=1]{8}{atom}{}{}
                                                  
The control sequence at the end of the top line
of your error message was never \def'ed. If you have
misspelled it (e.g., `\hobx'), type `I' and the correct
spelling (e.g., `I\hbox'). Otherwise just continue,
and I'll forget about whatever was undefined.

! Undefined control sequence.
\@anim@widget ...pendtofields:n {\pbs_pdflastann: 
                                                  }
l.74 ...ntrols,autoplay,loop,scale=1]{8}{atom}{}{}
                                                  
The control sequence at the end of the top line
of your error message was never \def'ed. If you have
misspelled it (e.g., `\hobx'), type `I' and the correct
spelling (e.g., `I\hbox'). Otherwise just continue,
and I'll forget about whatever was undefined.

! Undefined control sequence.
\@anim@streamobj #1#2->\pbs_pdfobj:nnn 
                                       {}{stream}{{#1}{#2}}\xdef \@anim@last...
l.74 ...ntrols,autoplay,loop,scale=1]{8}{atom}{}{}
                                                  
The control sequence at the end of the top line
of your error message was never \def'ed. If you have
misspelled it (e.g., `\hobx'), type `I' and the correct
spelling (e.g., `I\hbox'). Otherwise just continue,
and I'll forget about whatever was undefined.

! Undefined control sequence.
\@anim@streamobj ...nim@lastobj {\pbs_pdflastobj: 
                                                  }
l.74 ...ntrols,autoplay,loop,scale=1]{8}{atom}{}{}
                                                  
The control sequence at the end of the top line
of your error message was never \def'ed. If you have
misspelled it (e.g., `\hobx'), type `I' and the correct
spelling (e.g., `I\hbox'). Otherwise just continue,
and I'll forget about whatever was undefined.

! Undefined control sequence.
\@anim@widget #1#2#3#4->\pbs_pdfannot:nnnn 
                                           {#1}{#2}{#3}{#4}\pbs_appendtofiel...
l.74 ...ntrols,autoplay,loop,scale=1]{8}{atom}{}{}
                                                  
The control sequence at the end of the top line
of your error message was never \def'ed. If you have
misspelled it (e.g., `\hobx'), type `I' and the correct
spelling (e.g., `I\hbox'). Otherwise just continue,
and I'll forget about whatever was undefined.

! Missing number, treated as zero.
<to be read again> 
                   }
l.74 ...ntrols,autoplay,loop,scale=1]{8}{atom}{}{}
                                                  
A number should have been here; I inserted `0'.
(If you can't figure out why I needed to see a number,
look up `weird error' in the index to The TeXbook.)

! Illegal unit of measure (pt inserted).
<to be read again> 
                   }
l.74 ...ntrols,autoplay,loop,scale=1]{8}{atom}{}{}
                                                  
Dimensions can be in units of em, ex, in, pt, pc,
cm, mm, dd, cc, nd, nc, bp, or sp; but yours is a new one!
I'll assume that you meant to say pt, for printer's points.
To recover gracefully from this error, it's best to
delete the erroneous units; e.g., type `2' to delete
two letters. (See Chapter 27 of The TeXbook.)

! Undefined control sequence.
\@anim@widget ...#2}{#3}{#4}\pbs_appendtofields:n 
                                                  {\pbs_pdflastann: }
l.74 ...ntrols,autoplay,loop,scale=1]{8}{atom}{}{}
                                                  
The control sequence at the end of the top line
of your error message was never \def'ed. If you have
misspelled it (e.g., `\hobx'), type `I' and the correct
spelling (e.g., `I\hbox'). Otherwise just continue,
and I'll forget about whatever was undefined.

! Undefined control sequence.
\@anim@widget ...pendtofields:n {\pbs_pdflastann: 
                                                  }
l.74 ...ntrols,autoplay,loop,scale=1]{8}{atom}{}{}
                                                  
The control sequence at the end of the top line
of your error message was never \def'ed. If you have
misspelled it (e.g., `\hobx'), type `I' and the correct
spelling (e.g., `I\hbox'). Otherwise just continue,
and I'll forget about whatever was undefined.

! Undefined control sequence.
\@anim@streamobj #1#2->\pbs_pdfobj:nnn 
                                       {}{stream}{{#1}{#2}}\xdef \@anim@last...
l.74 ...ntrols,autoplay,loop,scale=1]{8}{atom}{}{}
                                                  
The control sequence at the end of the top line
of your error message was never \def'ed. If you have
misspelled it (e.g., `\hobx'), type `I' and the correct
spelling (e.g., `I\hbox'). Otherwise just continue,
and I'll forget about whatever was undefined.

! Undefined control sequence.
\@anim@streamobj ...nim@lastobj {\pbs_pdflastobj: 
                                                  }
l.74 ...ntrols,autoplay,loop,scale=1]{8}{atom}{}{}
                                                  
The control sequence at the end of the top line
of your error message was never \def'ed. If you have
misspelled it (e.g., `\hobx'), type `I' and the correct
spelling (e.g., `I\hbox'). Otherwise just continue,
and I'll forget about whatever was undefined.

! Undefined control sequence.
\@anim@widget #1#2#3#4->\pbs_pdfannot:nnnn 
                                           {#1}{#2}{#3}{#4}\pbs_appendtofiel...
l.74 ...ntrols,autoplay,loop,scale=1]{8}{atom}{}{}
                                                  
The control sequence at the end of the top line
of your error message was never \def'ed. If you have
misspelled it (e.g., `\hobx'), type `I' and the correct
spelling (e.g., `I\hbox'). Otherwise just continue,
and I'll forget about whatever was undefined.

! Missing number, treated as zero.
<to be read again> 
                   }
l.74 ...ntrols,autoplay,loop,scale=1]{8}{atom}{}{}
                                                  
A number should have been here; I inserted `0'.
(If you can't figure out why I needed to see a number,
look up `weird error' in the index to The TeXbook.)

! Illegal unit of measure (pt inserted).
<to be read again> 
                   }
l.74 ...ntrols,autoplay,loop,scale=1]{8}{atom}{}{}
                                                  
Dimensions can be in units of em, ex, in, pt, pc,
cm, mm, dd, cc, nd, nc, bp, or sp; but yours is a new one!
I'll assume that you meant to say pt, for printer's points.
To recover gracefully from this error, it's best to
delete the erroneous units; e.g., type `2' to delete
two letters. (See Chapter 27 of The TeXbook.)

! Undefined control sequence.
\@anim@widget ...#2}{#3}{#4}\pbs_appendtofields:n 
                                                  {\pbs_pdflastann: }
l.74 ...ntrols,autoplay,loop,scale=1]{8}{atom}{}{}
                                                  
The control sequence at the end of the top line
of your error message was never \def'ed. If you have
misspelled it (e.g., `\hobx'), type `I' and the correct
spelling (e.g., `I\hbox'). Otherwise just continue,
and I'll forget about whatever was undefined.

! Undefined control sequence.
\@anim@widget ...pendtofields:n {\pbs_pdflastann: 
                                                  }
l.74 ...ntrols,autoplay,loop,scale=1]{8}{atom}{}{}
                                                  
The control sequence at the end of the top line
of your error message was never \def'ed. If you have
misspelled it (e.g., `\hobx'), type `I' and the correct
spelling (e.g., `I\hbox'). Otherwise just continue,
and I'll forget about whatever was undefined.

! Undefined control sequence.
\@anim@streamobj #1#2->\pbs_pdfobj:nnn 
                                       {}{stream}{{#1}{#2}}\xdef \@anim@last...
l.74 ...ntrols,autoplay,loop,scale=1]{8}{atom}{}{}
                                                  
The control sequence at the end of the top line
of your error message was never \def'ed. If you have
misspelled it (e.g., `\hobx'), type `I' and the correct
spelling (e.g., `I\hbox'). Otherwise just continue,
and I'll forget about whatever was undefined.

! Undefined control sequence.
\@anim@streamobj ...nim@lastobj {\pbs_pdflastobj: 
                                                  }
l.74 ...ntrols,autoplay,loop,scale=1]{8}{atom}{}{}
                                                  
The control sequence at the end of the top line
of your error message was never \def'ed. If you have
misspelled it (e.g., `\hobx'), type `I' and the correct
spelling (e.g., `I\hbox'). Otherwise just continue,
and I'll forget about whatever was undefined.

! Undefined control sequence.
\@anim@widget #1#2#3#4->\pbs_pdfannot:nnnn 
                                           {#1}{#2}{#3}{#4}\pbs_appendtofiel...
l.74 ...ntrols,autoplay,loop,scale=1]{8}{atom}{}{}
                                                  
The control sequence at the end of the top line
of your error message was never \def'ed. If you have
misspelled it (e.g., `\hobx'), type `I' and the correct
spelling (e.g., `I\hbox'). Otherwise just continue,
and I'll forget about whatever was undefined.

! Missing number, treated as zero.
<to be read again> 
                   }
l.74 ...ntrols,autoplay,loop,scale=1]{8}{atom}{}{}
                                                  
A number should have been here; I inserted `0'.
(If you can't figure out why I needed to see a number,
look up `weird error' in the index to The TeXbook.)

! Illegal unit of measure (pt inserted).
<to be read again> 
                   }
l.74 ...ntrols,autoplay,loop,scale=1]{8}{atom}{}{}
                                                  
Dimensions can be in units of em, ex, in, pt, pc,
cm, mm, dd, cc, nd, nc, bp, or sp; but yours is a new one!
I'll assume that you meant to say pt, for printer's points.
To recover gracefully from this error, it's best to
delete the erroneous units; e.g., type `2' to delete
two letters. (See Chapter 27 of The TeXbook.)

! Undefined control sequence.
\@anim@widget ...#2}{#3}{#4}\pbs_appendtofields:n 
                                                  {\pbs_pdflastann: }
l.74 ...ntrols,autoplay,loop,scale=1]{8}{atom}{}{}
                                                  
The control sequence at the end of the top line
of your error message was never \def'ed. If you have
misspelled it (e.g., `\hobx'), type `I' and the correct
spelling (e.g., `I\hbox'). Otherwise just continue,
and I'll forget about whatever was undefined.

! Undefined control sequence.
\@anim@widget ...pendtofields:n {\pbs_pdflastann: 
                                                  }
l.74 ...ntrols,autoplay,loop,scale=1]{8}{atom}{}{}
                                                  
The control sequence at the end of the top line
of your error message was never \def'ed. If you have
misspelled it (e.g., `\hobx'), type `I' and the correct
spelling (e.g., `I\hbox'). Otherwise just continue,
and I'll forget about whatever was undefined.

! Undefined control sequence.
\@anim@xform #1#2#3#4#5->\pbs_pdfxform:nnnnn 
                                             {#1}{#2}{#3}{#4}{#5}\xdef \@ani...
l.74 ...ntrols,autoplay,loop,scale=1]{8}{atom}{}{}
                                                  
The control sequence at the end of the top line
of your error message was never \def'ed. If you have
misspelled it (e.g., `\hobx'), type `I' and the correct
spelling (e.g., `I\hbox'). Otherwise just continue,
and I'll forget about whatever was undefined.

! Undefined control sequence.
\@anim@xform ...nim@lastxform {\pbs_pdflastxform: 
                                                  }
l.74 ...ntrols,autoplay,loop,scale=1]{8}{atom}{}{}
                                                  
The control sequence at the end of the top line
of your error message was never \def'ed. If you have
misspelled it (e.g., `\hobx'), type `I' and the correct
spelling (e.g., `I\hbox'). Otherwise just continue,
and I'll forget about whatever was undefined.

! Undefined control sequence.
\@anim@widget #1#2#3#4->\pbs_pdfannot:nnnn 
                                           {#1}{#2}{#3}{#4}\pbs_appendtofiel...
l.74 ...ntrols,autoplay,loop,scale=1]{8}{atom}{}{}
                                                  
The control sequence at the end of the top line
of your error message was never \def'ed. If you have
misspelled it (e.g., `\hobx'), type `I' and the correct
spelling (e.g., `I\hbox'). Otherwise just continue,
and I'll forget about whatever was undefined.

! Missing number, treated as zero.
<to be read again> 
                   }
l.74 ...ntrols,autoplay,loop,scale=1]{8}{atom}{}{}
                                                  
A number should have been here; I inserted `0'.
(If you can't figure out why I needed to see a number,
look up `weird error' in the index to The TeXbook.)

! Illegal unit of measure (pt inserted).
<to be read again> 
                   }
l.74 ...ntrols,autoplay,loop,scale=1]{8}{atom}{}{}
                                                  
Dimensions can be in units of em, ex, in, pt, pc,
cm, mm, dd, cc, nd, nc, bp, or sp; but yours is a new one!
I'll assume that you meant to say pt, for printer's points.
To recover gracefully from this error, it's best to
delete the erroneous units; e.g., type `2' to delete
two letters. (See Chapter 27 of The TeXbook.)

! Undefined control sequence.
\@anim@widget ...#2}{#3}{#4}\pbs_appendtofields:n 
                                                  {\pbs_pdflastann: }
l.74 ...ntrols,autoplay,loop,scale=1]{8}{atom}{}{}
                                                  
The control sequence at the end of the top line
of your error message was never \def'ed. If you have
misspelled it (e.g., `\hobx'), type `I' and the correct
spelling (e.g., `I\hbox'). Otherwise just continue,
and I'll forget about whatever was undefined.

! Undefined control sequence.
\@anim@widget ...pendtofields:n {\pbs_pdflastann: 
                                                  }
l.74 ...ntrols,autoplay,loop,scale=1]{8}{atom}{}{}
                                                  
The control sequence at the end of the top line
of your error message was never \def'ed. If you have
misspelled it (e.g., `\hobx'), type `I' and the correct
spelling (e.g., `I\hbox'). Otherwise just continue,
and I'll forget about whatever was undefined.

! Undefined control sequence.
\@anim@streamobj #1#2->\pbs_pdfobj:nnn 
                                       {}{stream}{{#1}{#2}}\xdef \@anim@last...
l.74 ...ntrols,autoplay,loop,scale=1]{8}{atom}{}{}
                                                  
The control sequence at the end of the top line
of your error message was never \def'ed. If you have
misspelled it (e.g., `\hobx'), type `I' and the correct
spelling (e.g., `I\hbox'). Otherwise just continue,
and I'll forget about whatever was undefined.

! Undefined control sequence.
\@anim@streamobj ...nim@lastobj {\pbs_pdflastobj: 
                                                  }
l.74 ...ntrols,autoplay,loop,scale=1]{8}{atom}{}{}
                                                  
The control sequence at the end of the top line
of your error message was never \def'ed. If you have
misspelled it (e.g., `\hobx'), type `I' and the correct
spelling (e.g., `I\hbox'). Otherwise just continue,
and I'll forget about whatever was undefined.

! Undefined control sequence.
\@anim@widget #1#2#3#4->\pbs_pdfannot:nnnn 
                                           {#1}{#2}{#3}{#4}\pbs_appendtofiel...
l.74 ...ntrols,autoplay,loop,scale=1]{8}{atom}{}{}
                                                  
The control sequence at the end of the top line
of your error message was never \def'ed. If you have
misspelled it (e.g., `\hobx'), type `I' and the correct
spelling (e.g., `I\hbox'). Otherwise just continue,
and I'll forget about whatever was undefined.

! Missing number, treated as zero.
<to be read again> 
                   }
l.74 ...ntrols,autoplay,loop,scale=1]{8}{atom}{}{}
                                                  
A number should have been here; I inserted `0'.
(If you can't figure out why I needed to see a number,
look up `weird error' in the index to The TeXbook.)

! Illegal unit of measure (pt inserted).
<to be read again> 
                   }
l.74 ...ntrols,autoplay,loop,scale=1]{8}{atom}{}{}
                                                  
Dimensions can be in units of em, ex, in, pt, pc,
cm, mm, dd, cc, nd, nc, bp, or sp; but yours is a new one!
I'll assume that you meant to say pt, for printer's points.
To recover gracefully from this error, it's best to
delete the erroneous units; e.g., type `2' to delete
two letters. (See Chapter 27 of The TeXbook.)

! Undefined control sequence.
\@anim@widget ...#2}{#3}{#4}\pbs_appendtofields:n 
                                                  {\pbs_pdflastann: }
l.74 ...ntrols,autoplay,loop,scale=1]{8}{atom}{}{}
                                                  
The control sequence at the end of the top line
of your error message was never \def'ed. If you have
misspelled it (e.g., `\hobx'), type `I' and the correct
spelling (e.g., `I\hbox'). Otherwise just continue,
and I'll forget about whatever was undefined.

! Undefined control sequence.
\@anim@widget ...pendtofields:n {\pbs_pdflastann: 
                                                  }
l.74 ...ntrols,autoplay,loop,scale=1]{8}{atom}{}{}
                                                  
The control sequence at the end of the top line
of your error message was never \def'ed. If you have
misspelled it (e.g., `\hobx'), type `I' and the correct
spelling (e.g., `I\hbox'). Otherwise just continue,
and I'll forget about whatever was undefined.

! Undefined control sequence.
\@anim@streamobj #1#2->\pbs_pdfobj:nnn 
                                       {}{stream}{{#1}{#2}}\xdef \@anim@last...
l.74 ...ntrols,autoplay,loop,scale=1]{8}{atom}{}{}
                                                  
The control sequence at the end of the top line
of your error message was never \def'ed. If you have
misspelled it (e.g., `\hobx'), type `I' and the correct
spelling (e.g., `I\hbox'). Otherwise just continue,
and I'll forget about whatever was undefined.

! Undefined control sequence.
\@anim@streamobj ...nim@lastobj {\pbs_pdflastobj: 
                                                  }
l.74 ...ntrols,autoplay,loop,scale=1]{8}{atom}{}{}
                                                  
The control sequence at the end of the top line
of your error message was never \def'ed. If you have
misspelled it (e.g., `\hobx'), type `I' and the correct
spelling (e.g., `I\hbox'). Otherwise just continue,
and I'll forget about whatever was undefined.

! Undefined control sequence.
\@anim@widget #1#2#3#4->\pbs_pdfannot:nnnn 
                                           {#1}{#2}{#3}{#4}\pbs_appendtofiel...
l.74 ...ntrols,autoplay,loop,scale=1]{8}{atom}{}{}
                                                  
The control sequence at the end of the top line
of your error message was never \def'ed. If you have
misspelled it (e.g., `\hobx'), type `I' and the correct
spelling (e.g., `I\hbox'). Otherwise just continue,
and I'll forget about whatever was undefined.

! Missing number, treated as zero.
<to be read again> 
                   }
l.74 ...ntrols,autoplay,loop,scale=1]{8}{atom}{}{}
                                                  
A number should have been here; I inserted `0'.
(If you can't figure out why I needed to see a number,
look up `weird error' in the index to The TeXbook.)

! Illegal unit of measure (pt inserted).
<to be read again> 
                   }
l.74 ...ntrols,autoplay,loop,scale=1]{8}{atom}{}{}
                                                  
Dimensions can be in units of em, ex, in, pt, pc,
cm, mm, dd, cc, nd, nc, bp, or sp; but yours is a new one!
I'll assume that you meant to say pt, for printer's points.
To recover gracefully from this error, it's best to
delete the erroneous units; e.g., type `2' to delete
two letters. (See Chapter 27 of The TeXbook.)

! Undefined control sequence.
\@anim@widget ...#2}{#3}{#4}\pbs_appendtofields:n 
                                                  {\pbs_pdflastann: }
l.74 ...ntrols,autoplay,loop,scale=1]{8}{atom}{}{}
                                                  
The control sequence at the end of the top line
of your error message was never \def'ed. If you have
misspelled it (e.g., `\hobx'), type `I' and the correct
spelling (e.g., `I\hbox'). Otherwise just continue,
and I'll forget about whatever was undefined.

! Undefined control sequence.
\@anim@widget ...pendtofields:n {\pbs_pdflastann: 
                                                  }
l.74 ...ntrols,autoplay,loop,scale=1]{8}{atom}{}{}
                                                  
The control sequence at the end of the top line
of your error message was never \def'ed. If you have
misspelled it (e.g., `\hobx'), type `I' and the correct
spelling (e.g., `I\hbox'). Otherwise just continue,
and I'll forget about whatever was undefined.

! Undefined control sequence.
\@anim@widget #1#2#3#4->\pbs_pdfannot:nnnn 
                                           {#1}{#2}{#3}{#4}\pbs_appendtofiel...
l.74 ...ntrols,autoplay,loop,scale=1]{8}{atom}{}{}
                                                  
The control sequence at the end of the top line
of your error message was never \def'ed. If you have
misspelled it (e.g., `\hobx'), type `I' and the correct
spelling (e.g., `I\hbox'). Otherwise just continue,
and I'll forget about whatever was undefined.

! Missing number, treated as zero.
<to be read again> 
                   }
l.74 ...ntrols,autoplay,loop,scale=1]{8}{atom}{}{}
                                                  
A number should have been here; I inserted `0'.
(If you can't figure out why I needed to see a number,
look up `weird error' in the index to The TeXbook.)

! Illegal unit of measure (pt inserted).
<to be read again> 
                   }
l.74 ...ntrols,autoplay,loop,scale=1]{8}{atom}{}{}
                                                  
(That makes 100 errors; please try again.) 
Here is how much of TeX's memory you used:
 10702 strings out of 493333
 206183 string characters out of 3139197
 266171 words of memory out of 3000000
 14166 multiletter control sequences out of 15000+200000
 530272 words of font info for 22 fonts, out of 3000000 for 9000
 1141 hyphenation exceptions out of 8191
 42i,8n,59p,10405b,314s stack positions out of 5000i,500n,10000p,200000b,50000s

!  ==> Fatal error occurred, no output PDF file produced!
